<?xml version="1.0" encoding="UTF-8"?>
<robot generator="Robot 7.4.1 (Python 3.13.5 on win32)" generated="2025-12-25T23:48:08.425919" rpa="false" schemaversion="5">
<suite id="s1" name="Src" source="D:\Testing Academy\Robot_API_Framework\src">
<suite id="s1-s1" name="Tests" source="D:\Testing Academy\Robot_API_Framework\src\tests">
<suite id="s1-s1-s1" name="Smoke" source="D:\Testing Academy\Robot_API_Framework\src\tests\smoke">
<suite id="s1-s1-s1-s1" name="Health Check" source="D:\Testing Academy\Robot_API_Framework\src\tests\smoke\health_check.robot">
<test id="s1-s1-s1-s1-t1" name="Health Check API" line="9">
<kw name="Perform_Health_Check" owner="health_keywords">
<kw name="Create_API_Session" owner="api_keywords">
<kw name="Create Session" owner="RequestsLibrary">
<msg time="2025-12-25T23:48:08.539419" level="INFO">Creating Session using : alias=created_current_session, url=https://restful-booker.herokuapp.com, headers={'Content-Type': 'application/json'},                     cookies={}, auth=None, timeout=None, proxies=None, verify=False,                     debug=0 </msg>
<arg>created_current_session</arg>
<arg>${URL}</arg>
<arg>${Headers}</arg>
<doc>Create Session: create a HTTP session to a server</doc>
<status status="PASS" start="2025-12-25T23:48:08.539245" elapsed="0.000348"/>
</kw>
<arg>${URL}</arg>
<status status="PASS" start="2025-12-25T23:48:08.538774" elapsed="0.000903"/>
</kw>
<kw name="Get_Request" owner="api_keywords">
<kw name="GET On Session" owner="RequestsLibrary">
<msg time="2025-12-25T23:48:10.214776" level="INFO">GET Request : url=https://restful-booker.herokuapp.com/ping 
 path_url=/ping 
 headers={'User-Agent': 'python-requests/2.32.5', 'Accept-Encoding': 'gzip, deflate', 'Accept': '*/*', 'Connection': 'keep-alive', 'Content-Type': 'application/json'} 
 body=None 
 </msg>
<msg time="2025-12-25T23:48:10.214962" level="INFO">GET Response : url=https://restful-booker.herokuapp.com/ping 
 status=201, reason=Created 
 headers={'Content-Length': '7', 'Content-Type': 'text/plain; charset=utf-8', 'Date': 'Thu, 25 Dec 2025 18:18:10 GMT', 'Etag': 'W/"7-rM9AyJuqT6iOan/xHh+AW+7K/T8"', 'Nel': '{"report_to":"heroku-nel","response_headers":["Via"],"max_age":3600,"success_fraction":0.01,"failure_fraction":0.1}', 'Report-To': '{"group":"heroku-nel","endpoints":[{"url":"https://nel.heroku.com/reports?s=qNYMvhOuCIXDyw4bGDn%2FjttJ86gWSUou77DMNAZgvY4%3D\\u0026sid=c46efe9b-d3d2-4a0c-8c76-bfafa16c5add\\u0026ts=1766686690"}],"max_age":3600}', 'Reporting-Endpoints': 'heroku-nel="https://nel.heroku.com/reports?s=qNYMvhOuCIXDyw4bGDn%2FjttJ86gWSUou77DMNAZgvY4%3D&amp;sid=c46efe9b-d3d2-4a0c-8c76-bfafa16c5add&amp;ts=1766686690"', 'Server': 'Heroku', 'Via': '1.1 heroku-router', 'X-Powered-By': 'Express'} 
 body=Created 
 </msg>
<msg time="2025-12-25T23:48:10.215083" level="INFO">D:\Testing Academy\Robot_API_Framework\.venv\Lib\site-packages\urllib3\connectionpool.py:1097: InsecureRequestWarning: Unverified HTTPS request is being made to host 'restful-booker.herokuapp.com'. Adding certificate verification is strongly advised. See: https://urllib3.readthedocs.io/en/latest/advanced-usage.html#tls-warnings
  warnings.warn(</msg>
<msg time="2025-12-25T23:48:10.215521" level="INFO">${response} = &lt;Response [201]&gt;</msg>
<var>${response}</var>
<arg>created_current_session</arg>
<arg>${endpoint}</arg>
<arg>expected_status=any</arg>
<doc>Sends a GET request on a previously created HTTP Session.</doc>
<status status="PASS" start="2025-12-25T23:48:08.540032" elapsed="1.675545"/>
</kw>
<return>
<value>${response}</value>
<status status="PASS" start="2025-12-25T23:48:10.215696" elapsed="0.000076"/>
</return>
<msg time="2025-12-25T23:48:10.216018" level="INFO">${response} = &lt;Response [201]&gt;</msg>
<var>${response}</var>
<arg>${Health_Check_URL_Endpoint}</arg>
<status status="PASS" start="2025-12-25T23:48:08.539814" elapsed="1.676251"/>
</kw>
<for flavor="IN RANGE">
<iter>
<if>
<branch type="IF" condition="${response.status_code} == 201">
<kw name="Log" owner="BuiltIn">
<msg time="2025-12-25T23:48:10.218114" level="INFO">Success on attempt 1</msg>
<arg>Success on attempt ${i}</arg>
<doc>Logs the given message with the given level.</doc>
<status status="PASS" start="2025-12-25T23:48:10.217540" elapsed="0.000658"/>
</kw>
<kw name="Set Variable" owner="BuiltIn">
<msg time="2025-12-25T23:48:10.218876" level="INFO">${result} = Success</msg>
<var>${result}</var>
<arg>Success</arg>
<doc>Returns the given values which can then be assigned to a variables.</doc>
<status status="PASS" start="2025-12-25T23:48:10.218378" elapsed="0.000549"/>
</kw>
<kw name="Exit For Loop" owner="BuiltIn">
<msg time="2025-12-25T23:48:10.219482" level="INFO">Exiting for loop altogether.</msg>
<doc>Stops executing the enclosing FOR loop.</doc>
<status status="PASS" start="2025-12-25T23:48:10.219135" elapsed="0.000493"/>
</kw>
<status status="PASS" start="2025-12-25T23:48:10.216673" elapsed="0.003028"/>
</branch>
<branch type="ELSE">
<kw name="Set Variable" owner="BuiltIn">
<var>${result}</var>
<arg>UnSuccessful To Check</arg>
<doc>Returns the given values which can then be assigned to a variables.</doc>
<status status="NOT RUN" start="2025-12-25T23:48:10.219958" elapsed="0.000039"/>
</kw>
<status status="NOT RUN" start="2025-12-25T23:48:10.219771" elapsed="0.000303"/>
</branch>
<status status="PASS" start="2025-12-25T23:48:10.216640" elapsed="0.003482"/>
</if>
<kw name="Sleep" owner="BuiltIn">
<arg>2s</arg>
<arg>Just So it does not break</arg>
<doc>Pauses the test executed for the given time.</doc>
<status status="NOT RUN" start="2025-12-25T23:48:10.220288" elapsed="0.000037"/>
</kw>
<var name="${i}">1</var>
<status status="PASS" start="2025-12-25T23:48:10.216572" elapsed="0.003818"/>
</iter>
<var>${i}</var>
<value>1</value>
<value>4</value>
<status status="PASS" start="2025-12-25T23:48:10.216175" elapsed="0.004282"/>
</for>
<return>
<value>${response}</value>
<status status="PASS" start="2025-12-25T23:48:10.220548" elapsed="0.000066"/>
</return>
<msg time="2025-12-25T23:48:10.220764" level="INFO">${response} = &lt;Response [201]&gt;</msg>
<var>${response}</var>
<arg>${BASE_URL}</arg>
<status status="PASS" start="2025-12-25T23:48:08.538438" elapsed="1.682354"/>
</kw>
<kw name="Log To Console" owner="BuiltIn">
<arg>${response.status_code}</arg>
<doc>Logs the given message to the console.</doc>
<status status="PASS" start="2025-12-25T23:48:10.221148" elapsed="0.000770"/>
</kw>
<kw name="Validate_Response_Status_Code" owner="Common_Verification">
<kw name="Should Be Equal As Integers" owner="BuiltIn">
<msg time="2025-12-25T23:48:10.223206" level="INFO">Argument types are:
&lt;class 'int'&gt;
&lt;class 'str'&gt;</msg>
<arg>${response.status_code}</arg>
<arg>${expected_status_code}</arg>
<doc>Fails if objects are unequal after converting them to integers.</doc>
<status status="PASS" start="2025-12-25T23:48:10.222620" elapsed="0.000662"/>
</kw>
<arg>${response}</arg>
<arg>201</arg>
<status status="PASS" start="2025-12-25T23:48:10.222304" elapsed="0.001047"/>
</kw>
<kw name="Validate_Response_Is_Not_Empty" owner="Common_Verification">
<kw name="Should Not Be Empty" owner="BuiltIn">
<msg time="2025-12-25T23:48:10.225104" level="INFO">Length is 7.</msg>
<arg>${response.text}</arg>
<doc>Verifies that the given item is not empty.</doc>
<status status="PASS" start="2025-12-25T23:48:10.223987" elapsed="0.001191"/>
</kw>
<arg>${response}</arg>
<status status="PASS" start="2025-12-25T23:48:10.223723" elapsed="0.001531"/>
</kw>
<tag>api</tag>
<tag>positive</tag>
<tag>smoke</tag>
<status status="PASS" start="2025-12-25T23:48:08.537696" elapsed="1.687953"/>
</test>
<status status="PASS" start="2025-12-25T23:48:08.461188" elapsed="1.765558"/>
</suite>
<status status="PASS" start="2025-12-25T23:48:08.460172" elapsed="1.767750"/>
</suite>
<status status="PASS" start="2025-12-25T23:48:08.459035" elapsed="1.769984"/>
</suite>
<status status="PASS" start="2025-12-25T23:48:08.427418" elapsed="1.802644"/>
</suite>
<statistics>
<total>
<stat pass="1" fail="0" skip="0">All Tests</stat>
</total>
<tag>
<stat pass="1" fail="0" skip="0">api</stat>
<stat pass="1" fail="0" skip="0">positive</stat>
<stat pass="1" fail="0" skip="0">smoke</stat>
</tag>
<suite>
<stat name="Src" id="s1" pass="1" fail="0" skip="0">Src</stat>
<stat name="Tests" id="s1-s1" pass="1" fail="0" skip="0">Src.Tests</stat>
<stat name="Smoke" id="s1-s1-s1" pass="1" fail="0" skip="0">Src.Tests.Smoke</stat>
<stat name="Health Check" id="s1-s1-s1-s1" pass="1" fail="0" skip="0">Src.Tests.Smoke.Health Check</stat>
</suite>
</statistics>
<errors>
</errors>
</robot>
